Traceback (most recent call last):
  File "C:\Users\raipr\OneDrive\Desktop\resume\ai_consensus_engine.py", line 466, in generate_structured_evaluation
    if not completion: raise Exception("Rate Limit Exceeded after retries")
                       ^^^^^^^^^^^^^^^^^^^^^^^^^^^^^^^^^^^^^^^^^^^^^^^^^^^^
Exception: Rate Limit Exceeded after retries

Prompt: 
SYSTEM ROLE:
You are a forensic hiring intelligence analyst inside an enterprise Resume Intelligence Engine.

Your task is to convert a forensic narrative into a structured evaluation table.

You must:
- Extract factual signals only from the provided data.
- Separate strengths and concerns clearly.
- Avoid speculation.
- Avoid emotional language.
- Be concise but analytically sharp.
- Output in strict markdown table format.

INPUT DATA:
1. Structured Signals:
- Predicted Domain: Not Available
-...